<?xml version="1.0" encoding="UTF-8"?>
<!-- Generated by org.testng.reporters.JUnitXMLReporter -->
<testsuite hostname="DESKTOP-LM9OP2A" ignored="0" name="Test" tests="1" failures="0" timestamp="09 Jul 2019 10:43:50 GMT" time="0.152" errors="0">
  <testcase name="@BeforeMethod setUp" time="0.064" classname="com.training.sanity.tests.LoginTests">
    <failure type="java.lang.IllegalStateException" message="The driver executable does not exist: C:\OnlineTraining\SDET Oct 2018\dependencies\chromedriver.exe">
      <![CDATA[java.lang.IllegalStateException: The driver executable does not exist: C:\OnlineTraining\SDET Oct 2018\dependencies\chromedriver.exe
at com.google.common.base.Preconditions.checkState(Preconditions.java:534)
at org.openqa.selenium.remote.service.DriverService.checkExecutable(DriverService.java:136)
at org.openqa.selenium.remote.service.DriverService.findExecutable(DriverService.java:131)
at org.openqa.selenium.chrome.ChromeDriverService.access$000(ChromeDriverService.java:32)
at org.openqa.selenium.chrome.ChromeDriverService$Builder.findDefaultExecutable(ChromeDriverService.java:137)
at org.openqa.selenium.remote.service.DriverService$Builder.build(DriverService.java:329)
at org.openqa.selenium.chrome.ChromeDriverService.createDefaultService(ChromeDriverService.java:88)
at org.openqa.selenium.chrome.ChromeDriver.<init>(ChromeDriver.java:123)
at com.training.utility.DriverFactory.getDriver(DriverFactory.java:24)
at com.training.sanity.tests.LoginTests.setUp(LoginTests.java:35)
... Removed 28 stack frames]]>
    </failure>
  </testcase> <!-- @BeforeMethod setUp -->
  <testcase name="@AfterMethod tearDown" time="0.0" classname="com.training.sanity.tests.LoginTests">
    <skipped/>
  </testcase> <!-- @AfterMethod tearDown -->
  <testcase name="validLoginTest" time="0.0" classname="com.training.sanity.tests.LoginTests">
    <skipped/>
  </testcase> <!-- validLoginTest -->
</testsuite> <!-- Test -->
